<?xml version="1.0" encoding="UTF-8"?>
<!-- Generated by org.testng.reporters.JUnitXMLReporter -->
<testsuite ignored="0" hostname="DESKTOP-ENSDR7N" failures="0" tests="4" name="Default test" time="31.573" errors="0" timestamp="2025-12-30T13:03:51 IST">
  <testcase classname="testCases.SC2_Verify_AddToCart" name="TC4_ClickOn_AddToCart" time="2.705"/>
  <testcase classname="testCases.SC2_Verify_AddToCart" name="TC5_VerifyProductDisplayed_InShoppingCart" time="5.162"/>
  <testcase classname="testCases.SC2_Verify_AddToCart" name="TC6_EnterValidQuantity" time="5.362"/>
  <testcase classname="testCases.SC2_Verify_AddToCart" name="TC7_EnterInvalidQuantity" time="5.335"/>
</testsuite> <!-- Default test -->
