<?xml version="1.0" encoding="UTF-8"?>
<!-- Generated by org.testng.reporters.JUnitXMLReporter -->
<testsuite ignored="0" hostname="DESKTOP-ENSDR7N" failures="0" tests="2" name="Default test" time="8.545" errors="0" timestamp="2026-01-13T16:38:55 IST">
  <testcase classname="testCases.SC1_Verify_Search_Functionality" name="TC2_EnterInValidName" time="0.822"/>
  <testcase classname="testCases.SC1_Verify_Search_Functionality" name="TC1_EnterValidName" time="0.537"/>
</testsuite> <!-- Default test -->
