<?xml version="1.0" encoding="UTF-8"?>
<testng-results ignored="0" total="2" passed="2" failed="0" skipped="0">
  <reporter-output>
  </reporter-output>
  <suite started-at="2026-01-05T17:37:38 IST" name="Default suite" finished-at="2026-01-05T17:37:50 IST" duration-ms="11990">
    <groups>
      <group name="Smoke">
        <method signature="SC1_Verify_Search_Functionality.TC2_EnterInValidName()[pri:1, instance:testCases.SC1_Verify_Search_Functionality@7eac9008]" name="TC2_EnterInValidName" class="testCases.SC1_Verify_Search_Functionality"/>
        <method signature="SC1_Verify_Search_Functionality.TC1_EnterValidName()[pri:2, instance:testCases.SC1_Verify_Search_Functionality@7eac9008]" name="TC1_EnterValidName" class="testCases.SC1_Verify_Search_Functionality"/>
      </group> <!-- Smoke -->
    </groups>
    <test started-at="2026-01-05T17:37:38 IST" name="Default test" finished-at="2026-01-05T17:37:50 IST" duration-ms="11990">
      <class name="testCases.SC1_Verify_Search_Functionality">
        <test-method is-config="true" signature="setUp()[pri:0, instance:testCases.SC1_Verify_Search_Functionality@7eac9008]" started-at="2026-01-05T17:37:38 IST" name="setUp" finished-at="2026-01-05T17:37:44 IST" duration-ms="6627" status="PASS">
          <reporter-output>
          </reporter-output>
        </test-method> <!-- setUp -->
        <test-method signature="TC2_EnterInValidName()[pri:1, instance:testCases.SC1_Verify_Search_Functionality@7eac9008]" started-at="2026-01-05T17:37:44 IST" name="TC2_EnterInValidName" finished-at="2026-01-05T17:37:45 IST" duration-ms="665" status="PASS">
          <reporter-output>
          </reporter-output>
        </test-method> <!-- TC2_EnterInValidName -->
        <test-method is-config="true" signature="tearDown()[pri:0, instance:testCases.SC1_Verify_Search_Functionality@7eac9008]" started-at="2026-01-05T17:37:45 IST" name="tearDown" finished-at="2026-01-05T17:37:46 IST" duration-ms="388" status="PASS">
          <reporter-output>
          </reporter-output>
        </test-method> <!-- tearDown -->
        <test-method is-config="true" signature="setUp()[pri:0, instance:testCases.SC1_Verify_Search_Functionality@7eac9008]" started-at="2026-01-05T17:37:46 IST" name="setUp" finished-at="2026-01-05T17:37:49 IST" duration-ms="3145" status="PASS">
          <reporter-output>
          </reporter-output>
        </test-method> <!-- setUp -->
        <test-method signature="TC1_EnterValidName()[pri:2, instance:testCases.SC1_Verify_Search_Functionality@7eac9008]" started-at="2026-01-05T17:37:49 IST" name="TC1_EnterValidName" finished-at="2026-01-05T17:37:49 IST" depends-on-methods="testCases.SC1_Verify_Search_Functionality.TC2_EnterInValidName" duration-ms="802" status="PASS">
          <reporter-output>
          </reporter-output>
        </test-method> <!-- TC1_EnterValidName -->
        <test-method is-config="true" signature="tearDown()[pri:0, instance:testCases.SC1_Verify_Search_Functionality@7eac9008]" started-at="2026-01-05T17:37:49 IST" name="tearDown" finished-at="2026-01-05T17:37:50 IST" duration-ms="283" status="PASS">
          <reporter-output>
          </reporter-output>
        </test-method> <!-- tearDown -->
      </class> <!-- testCases.SC1_Verify_Search_Functionality -->
    </test> <!-- Default test -->
  </suite> <!-- Default suite -->
</testng-results>
