<?xml version="1.0" encoding="UTF-8"?>
<testng-results ignored="0" total="4" passed="4" failed="0" skipped="0">
  <reporter-output>
  </reporter-output>
  <suite started-at="2025-12-30T13:03:19 IST" name="Default suite" finished-at="2025-12-30T13:03:51 IST" duration-ms="31573">
    <groups>
    </groups>
    <test started-at="2025-12-30T13:03:19 IST" name="Default test" finished-at="2025-12-30T13:03:51 IST" duration-ms="31573">
      <class name="testCases.SC2_Verify_AddToCart">
        <test-method is-config="true" signature="setup()[pri:0, instance:testCases.SC2_Verify_AddToCart@30c15d8b]" started-at="2025-12-30T13:03:19 IST" name="setup" finished-at="2025-12-30T13:03:24 IST" duration-ms="4218" status="PASS">
          <reporter-output>
          </reporter-output>
        </test-method> <!-- setup -->
        <test-method signature="TC4_ClickOn_AddToCart()[pri:0, instance:testCases.SC2_Verify_AddToCart@30c15d8b]" started-at="2025-12-30T13:03:24 IST" name="TC4_ClickOn_AddToCart" finished-at="2025-12-30T13:03:26 IST" duration-ms="2705" status="PASS">
          <reporter-output>
          </reporter-output>
        </test-method> <!-- TC4_ClickOn_AddToCart -->
        <test-method is-config="true" signature="tearDownMethod()[pri:0, instance:testCases.SC2_Verify_AddToCart@30c15d8b]" started-at="2025-12-30T13:03:26 IST" name="tearDownMethod" finished-at="2025-12-30T13:03:26 IST" duration-ms="172" status="PASS">
          <reporter-output>
          </reporter-output>
        </test-method> <!-- tearDownMethod -->
        <test-method is-config="true" signature="setup()[pri:0, instance:testCases.SC2_Verify_AddToCart@30c15d8b]" started-at="2025-12-30T13:03:26 IST" name="setup" finished-at="2025-12-30T13:03:29 IST" duration-ms="2765" status="PASS">
          <reporter-output>
          </reporter-output>
        </test-method> <!-- setup -->
        <test-method signature="TC5_VerifyProductDisplayed_InShoppingCart()[pri:0, instance:testCases.SC2_Verify_AddToCart@30c15d8b]" started-at="2025-12-30T13:03:29 IST" name="TC5_VerifyProductDisplayed_InShoppingCart" finished-at="2025-12-30T13:03:34 IST" duration-ms="5162" status="PASS">
          <reporter-output>
          </reporter-output>
        </test-method> <!-- TC5_VerifyProductDisplayed_InShoppingCart -->
        <test-method is-config="true" signature="tearDownMethod()[pri:0, instance:testCases.SC2_Verify_AddToCart@30c15d8b]" started-at="2025-12-30T13:03:34 IST" name="tearDownMethod" finished-at="2025-12-30T13:03:35 IST" duration-ms="150" status="PASS">
          <reporter-output>
          </reporter-output>
        </test-method> <!-- tearDownMethod -->
        <test-method is-config="true" signature="setup()[pri:0, instance:testCases.SC2_Verify_AddToCart@30c15d8b]" started-at="2025-12-30T13:03:35 IST" name="setup" finished-at="2025-12-30T13:03:37 IST" duration-ms="2645" status="PASS">
          <reporter-output>
          </reporter-output>
        </test-method> <!-- setup -->
        <test-method signature="TC6_EnterValidQuantity()[pri:0, instance:testCases.SC2_Verify_AddToCart@30c15d8b]" started-at="2025-12-30T13:03:37 IST" name="TC6_EnterValidQuantity" finished-at="2025-12-30T13:03:43 IST" duration-ms="5362" status="PASS">
          <reporter-output>
          </reporter-output>
        </test-method> <!-- TC6_EnterValidQuantity -->
        <test-method is-config="true" signature="tearDownMethod()[pri:0, instance:testCases.SC2_Verify_AddToCart@30c15d8b]" started-at="2025-12-30T13:03:43 IST" name="tearDownMethod" finished-at="2025-12-30T13:03:43 IST" duration-ms="154" status="PASS">
          <reporter-output>
          </reporter-output>
        </test-method> <!-- tearDownMethod -->
        <test-method is-config="true" signature="setup()[pri:0, instance:testCases.SC2_Verify_AddToCart@30c15d8b]" started-at="2025-12-30T13:03:43 IST" name="setup" finished-at="2025-12-30T13:03:45 IST" duration-ms="2663" status="PASS">
          <reporter-output>
          </reporter-output>
        </test-method> <!-- setup -->
        <test-method signature="TC7_EnterInvalidQuantity()[pri:0, instance:testCases.SC2_Verify_AddToCart@30c15d8b]" started-at="2025-12-30T13:03:45 IST" name="TC7_EnterInvalidQuantity" finished-at="2025-12-30T13:03:51 IST" duration-ms="5335" status="PASS">
          <reporter-output>
          </reporter-output>
        </test-method> <!-- TC7_EnterInvalidQuantity -->
        <test-method is-config="true" signature="tearDownMethod()[pri:0, instance:testCases.SC2_Verify_AddToCart@30c15d8b]" started-at="2025-12-30T13:03:51 IST" name="tearDownMethod" finished-at="2025-12-30T13:03:51 IST" duration-ms="140" status="PASS">
          <reporter-output>
          </reporter-output>
        </test-method> <!-- tearDownMethod -->
      </class> <!-- testCases.SC2_Verify_AddToCart -->
    </test> <!-- Default test -->
  </suite> <!-- Default suite -->
</testng-results>
