<?xml version="1.0" encoding="UTF-8"?>
<!-- Generated by org.testng.reporters.JUnitReportReporter -->
<testsuite hostname="DESKTOP-ENSDR7N" failures="0" tests="4" name="testCases.SC2_Verify_AddToCart" time="31.471" errors="0" timestamp="2025-12-30T13:03:51 IST" skipped="0">
  <testcase classname="testCases.SC2_Verify_AddToCart" name="TC6_EnterValidQuantity" time="8.179"/>
  <testcase classname="testCases.SC2_Verify_AddToCart" name="TC7_EnterInvalidQuantity" time="8.240"/>
  <testcase classname="testCases.SC2_Verify_AddToCart" name="TC5_VerifyProductDisplayed_InShoppingCart" time="9.552"/>
  <testcase classname="testCases.SC2_Verify_AddToCart" name="TC4_ClickOn_AddToCart" time="5.500"/>
</testsuite> <!-- testCases.SC2_Verify_AddToCart -->
