<?xml version="1.0" encoding="UTF-8"?>
<!-- Generated by org.testng.reporters.JUnitReportReporter -->
<testsuite hostname="DESKTOP-ENSDR7N" failures="0" tests="2" name="testCases.SC1_Verify_Search_Functionality" time="8.456" errors="0" timestamp="2026-01-13T16:38:55 IST" skipped="0">
  <testcase classname="testCases.SC1_Verify_Search_Functionality" name="TC2_EnterInValidName" time="4.872"/>
  <testcase classname="testCases.SC1_Verify_Search_Functionality" name="TC1_EnterValidName" time="3.584"/>
</testsuite> <!-- testCases.SC1_Verify_Search_Functionality -->
