<?xml version="1.0" encoding="UTF-8"?>
<!-- Generated by org.testng.reporters.JUnitReportReporter -->
<testsuite hostname="DESKTOP-ENSDR7N" failures="0" tests="2" name="testCases.SC1_Verify_Search_Functionality" time="11.910" errors="0" timestamp="2026-01-05T17:37:50 IST" skipped="0">
  <testcase classname="testCases.SC1_Verify_Search_Functionality" name="TC2_EnterInValidName" time="7.680"/>
  <testcase classname="testCases.SC1_Verify_Search_Functionality" name="TC1_EnterValidName" time="4.230"/>
</testsuite> <!-- testCases.SC1_Verify_Search_Functionality -->
