<?xml version="1.0" encoding="UTF-8"?>
<!-- Generated by org.testng.reporters.JUnitReportReporter -->
<testsuite hostname="DESKTOP-ENSDR7N" failures="0" tests="4" name="testCases.SC2_Verify_AddToCart" time="32.601" errors="0" timestamp="2026-01-03T16:10:20 IST" skipped="0">
  <testcase classname="testCases.SC2_Verify_AddToCart" name="TC7_EnterInvalidQuantity" time="8.144"/>
  <testcase classname="testCases.SC2_Verify_AddToCart" name="TC6_EnterValidQuantity" time="9.832"/>
  <testcase classname="testCases.SC2_Verify_AddToCart" name="TC4_ClickOn_AddToCart" time="6.838"/>
  <testcase classname="testCases.SC2_Verify_AddToCart" name="TC5_VerifyProductDisplayed_InShoppingCart" time="7.787"/>
</testsuite> <!-- testCases.SC2_Verify_AddToCart -->
